<?xml version="1.0" encoding="UTF-8"?>
<!-- Generated by org.testng.reporters.JUnitReportReporter -->
<testsuite skipped="0" hostname="DESKTOP-SARCICC" name="coCoin.TestCase.sanityTest" tests="1" failures="0" timestamp="22 Nov 2018 15:11:59 GMT" time="64.176" errors="0">
  <testcase name="SanityTest" time="64.176" classname="coCoin.TestCase.sanityTest"/>
</testsuite> <!-- coCoin.TestCase.sanityTest -->
