<?xml version="1.0" encoding="UTF-8"?>
<!-- Generated by org.testng.reporters.JUnitReportReporter -->
<testsuite skipped="0" hostname="DESKTOP-SARCICC" name="coCoin.TestCase.swipe" tests="1" failures="0" timestamp="22 Nov 2018 04:34:58 GMT" time="37.306" errors="1">
  <testcase name="mTouchAction" time="37.306" classname="coCoin.TestCase.swipe">
    <error type="org.openqa.selenium.WebDriverException" message="An unknown server-side error occurred while processing the command. Original error: The swipe did not complete successfully
Build info: version: &#039;3.14.0&#039;, revision: &#039;aacccce0&#039;, time: &#039;2018-08-02T20:05:20.749Z&#039;
System info: host: &#039;DESKTOP-SARCICC&#039;, ip: &#039;169.254.225.133&#039;, os.name: &#039;Windows 10&#039;, os.arch: &#039;amd64&#039;, os.version: &#039;10.0&#039;, java.version: &#039;1.8.0_151&#039;
Driver info: io.appium.java_client.android.AndroidDriver
Capabilities {app: C:\SummitechTest\coCoin\src..., appActivity: com.nightonke.saver.activit..., appPackage: com.nightonke.cocoin, appWaitActivity: com.nightonke.saver.activit..., appWaitPackage: com.nightonke.cocoin, databaseEnabled: false, desired: {app: C:\SummitechTest\coCoin\src..., deviceName: Android emmulator, platformName: android}, deviceManufacturer: unknown, deviceModel: Android SDK built for x86, deviceName: emulator-5554, deviceScreenSize: 1080x1920, deviceUDID: emulator-5554, javascriptEnabled: true, locationContextEnabled: false, networkConnectionEnabled: true, platform: LINUX, platformName: Android, platformVersion: 6.0, takesScreenshot: true, warnings: {}, webStorageEnabled: false}
Session ID: a79c8232-6084-4070-8682-014f2a5246e2">
      <![CDATA[org.openqa.selenium.WebDriverException: An unknown server-side error occurred while processing the command. Original error: The swipe did not complete successfully
Build info: version: '3.14.0', revision: 'aacccce0', time: '2018-08-02T20:05:20.749Z'
System info: host: 'DESKTOP-SARCICC', ip: '169.254.225.133', os.name: 'Windows 10', os.arch: 'amd64', os.version: '10.0', java.version: '1.8.0_151'
Driver info: io.appium.java_client.android.AndroidDriver
Capabilities {app: C:\SummitechTest\coCoin\src..., appActivity: com.nightonke.saver.activit..., appPackage: com.nightonke.cocoin, appWaitActivity: com.nightonke.saver.activit..., appWaitPackage: com.nightonke.cocoin, databaseEnabled: false, desired: {app: C:\SummitechTest\coCoin\src..., deviceName: Android emmulator, platformName: android}, deviceManufacturer: unknown, deviceModel: Android SDK built for x86, deviceName: emulator-5554, deviceScreenSize: 1080x1920, deviceUDID: emulator-5554, javascriptEnabled: true, locationContextEnabled: false, networkConnectionEnabled: true, platform: LINUX, platformName: Android, platformVersion: 6.0, takesScreenshot: true, warnings: {}, webStorageEnabled: false}
Session ID: a79c8232-6084-4070-8682-014f2a5246e2
at sun.reflect.NativeConstructorAccessorImpl.newInstance0(Native Method)
at sun.reflect.NativeConstructorAccessorImpl.newInstance(NativeConstructorAccessorImpl.java:62)
at sun.reflect.DelegatingConstructorAccessorImpl.newInstance(DelegatingConstructorAccessorImpl.java:45)
at java.lang.reflect.Constructor.newInstance(Constructor.java:423)
at org.openqa.selenium.remote.http.W3CHttpResponseCodec.createException(W3CHttpResponseCodec.java:187)
at org.openqa.selenium.remote.http.W3CHttpResponseCodec.decode(W3CHttpResponseCodec.java:122)
at org.openqa.selenium.remote.http.W3CHttpResponseCodec.decode(W3CHttpResponseCodec.java:49)
at org.openqa.selenium.remote.HttpCommandExecutor.execute(HttpCommandExecutor.java:158)
at io.appium.java_client.remote.AppiumCommandExecutor.execute(AppiumCommandExecutor.java:231)
at org.openqa.selenium.remote.RemoteWebDriver.execute(RemoteWebDriver.java:548)
at io.appium.java_client.DefaultGenericMobileDriver.execute(DefaultGenericMobileDriver.java:42)
at io.appium.java_client.AppiumDriver.execute(AppiumDriver.java:1)
at io.appium.java_client.android.AndroidDriver.execute(AndroidDriver.java:1)
at io.appium.java_client.PerformsTouchActions.performTouchAction(PerformsTouchActions.java:41)
at io.appium.java_client.TouchAction.perform(TouchAction.java:187)
at coCoin.TestBase.TestBase.Capabilities(TestBase.java:62)
at coCoin.TestCase.swipe.mTouchAction(swipe.java:31)
at sun.reflect.NativeMethodAccessorImpl.invoke0(Native Method)
at sun.reflect.NativeMethodAccessorImpl.invoke(NativeMethodAccessorImpl.java:62)
at sun.reflect.DelegatingMethodAccessorImpl.invoke(DelegatingMethodAccessorImpl.java:43)
at java.lang.reflect.Method.invoke(Method.java:498)
at org.testng.internal.MethodInvocationHelper.invokeMethod(MethodInvocationHelper.java:124)
at org.testng.internal.Invoker.invokeMethod(Invoker.java:580)
at org.testng.internal.Invoker.invokeTestMethod(Invoker.java:716)
at org.testng.internal.Invoker.invokeTestMethods(Invoker.java:988)
at org.testng.internal.TestMethodWorker.invokeTestMethods(TestMethodWorker.java:125)
at org.testng.internal.TestMethodWorker.run(TestMethodWorker.java:109)
at org.testng.TestRunner.privateRun(TestRunner.java:648)
at org.testng.TestRunner.run(TestRunner.java:505)
at org.testng.SuiteRunner.runTest(SuiteRunner.java:455)
at org.testng.SuiteRunner.runSequentially(SuiteRunner.java:450)
at org.testng.SuiteRunner.privateRun(SuiteRunner.java:415)
at org.testng.SuiteRunner.run(SuiteRunner.java:364)
at org.testng.SuiteRunnerWorker.runSuite(SuiteRunnerWorker.java:52)
at org.testng.SuiteRunnerWorker.run(SuiteRunnerWorker.java:84)
at org.testng.TestNG.runSuitesSequentially(TestNG.java:1208)
at org.testng.TestNG.runSuitesLocally(TestNG.java:1137)
at org.testng.TestNG.runSuites(TestNG.java:1049)
at org.testng.TestNG.run(TestNG.java:1017)
at org.testng.remote.AbstractRemoteTestNG.run(AbstractRemoteTestNG.java:114)
at org.testng.remote.RemoteTestNG.initAndRun(RemoteTestNG.java:251)
at org.testng.remote.RemoteTestNG.main(RemoteTestNG.java:77)
]]>
    </error>
  </testcase> <!-- mTouchAction -->
</testsuite> <!-- coCoin.TestCase.swipe -->
